<?xml version="1.0" encoding="UTF-8"?>
<!-- Generated by org.testng.reporters.JUnitXMLReporter -->
<testsuite ignored="3" hostname="ABS_ASUS_9526" failures="0" tests="1" name="Default test" time="0.092" errors="0" timestamp="2023-02-13T16:46:30 IST">
  <testcase classname="TestNGClass.AngelBrockingNG" name="@BeforeTest beforeTest" time="-1.676286990087E9">
    <failure type="org.testng.TestNGException" message="
Parameter &amp;apos;browser&amp;apos; is required by BeforeTest on method beforeTest but has not been marked @Optional or defined
in C:\Users\atul bharat shinde\AppData\Local\Temp\testng-eclipse-1176437266\testng-customsuite.xml">
      <![CDATA[org.testng.TestNGException: 
Parameter 'browser' is required by BeforeTest on method beforeTest but has not been marked @Optional or defined
in C:\Users\atul bharat shinde\AppData\Local\Temp\testng-eclipse-1176437266\testng-customsuite.xml
at org.testng.internal.Parameters.createParams(Parameters.java:267)
at org.testng.internal.Parameters.createParametersForMethod(Parameters.java:355)
at org.testng.internal.Parameters.createParameters(Parameters.java:660)
at org.testng.internal.Parameters.createConfigurationParameters(Parameters.java:166)
at org.testng.internal.invokers.ConfigInvoker.invokeConfigurations(ConfigInvoker.java:300)
at org.testng.TestRunner.invokeTestConfigurations(TestRunner.java:645)
at org.testng.TestRunner.beforeRun(TestRunner.java:634)
at org.testng.TestRunner.run(TestRunner.java:596)
at org.testng.SuiteRunner.runTest(SuiteRunner.java:429)
at org.testng.SuiteRunner.runSequentially(SuiteRunner.java:423)
at org.testng.SuiteRunner.privateRun(SuiteRunner.java:383)
at org.testng.SuiteRunner.run(SuiteRunner.java:326)
at org.testng.SuiteRunnerWorker.runSuite(SuiteRunnerWorker.java:52)
at org.testng.SuiteRunnerWorker.run(SuiteRunnerWorker.java:95)
at org.testng.TestNG.runSuitesSequentially(TestNG.java:1249)
at org.testng.TestNG.runSuitesLocally(TestNG.java:1169)
at org.testng.TestNG.runSuites(TestNG.java:1092)
at org.testng.TestNG.run(TestNG.java:1060)
at org.testng.remote.AbstractRemoteTestNG.run(AbstractRemoteTestNG.java:115)
at org.testng.remote.RemoteTestNG.initAndRun(RemoteTestNG.java:251)
at org.testng.remote.RemoteTestNG.main(RemoteTestNG.java:77)
]]>
    </failure>
  </testcase> <!-- @BeforeTest beforeTest -->
  <testcase classname="TestNGClass.AngelBrockingNG" name="@BeforeClass beforeClass" time="0.0">
    <skipped/>
  </testcase> <!-- @BeforeClass beforeClass -->
  <testcase classname="TestNGClass.AngelBrockingNG" name="@BeforeMethod beforeMethod1" time="0.0">
    <skipped/>
  </testcase> <!-- @BeforeMethod beforeMethod1 -->
  <testcase classname="TestNGClass.AngelBrockingNG" name="@AfterMethod afterMethod1" time="0.0">
    <skipped/>
  </testcase> <!-- @AfterMethod afterMethod1 -->
  <testcase classname="TestNGClass.AngelBrockingNG" name="@AfterClass afterClass" time="0.0">
    <skipped/>
  </testcase> <!-- @AfterClass afterClass -->
  <testcase classname="TestNGClass.AngelBrockingNG" name="VerifyStock" time="0.0">
    <skipped/>
  </testcase> <!-- VerifyStock -->
  <testcase classname="TestNGClass.AngelBrockingNG" name="VerifyUsStock" time="0.0">
    <ignored/>
  </testcase> <!-- VerifyUsStock -->
  <testcase classname="TestNGClass.AngelBrockingNG" name="VerifyIPO" time="0.0">
    <ignored/>
  </testcase> <!-- VerifyIPO -->
  <testcase classname="TestNGClass.AngelBrockingNG" name="VerifyMutualFund" time="0.0">
    <ignored/>
  </testcase> <!-- VerifyMutualFund -->
</testsuite> <!-- Default test -->
